<?xml version="1.0" encoding="UTF-8"?>
<!-- Generated by org.testng.reporters.JUnitReportReporter -->
<testsuite hostname="LAPTOP-4SOUBLRA" failures="0" tests="1" name="test.com.StudentTest" time="0.002" errors="0" timestamp="16 Jan 2024 17:32:19 GMT">
  <testcase classname="test.com.StudentTest" name="testName" time="0.002"/>
</testsuite> <!-- test.com.StudentTest -->
